  CMainDialog.cpp
c:\users\yj\desktop\labgenius_2.0\micropcr\magneto.h(101): warning C4005: 'MAX_DRIVER_NUM': 매크로 재정의
  c:\users\yj\desktop\labgenius_2.0\micropcr\magneto.h(6): note: 'MAX_DRIVER_NUM'의 이전 정의를 참조하십시오.
c:\users\yj\desktop\labgenius_2.0\micropcr\magneto.h(192): warning C4005: 'MAX_DRIVER_NUM': 매크로 재정의
  c:\users\yj\desktop\labgenius_2.0\micropcr\magneto.h(101): note: 'MAX_DRIVER_NUM'의 이전 정의를 참조하십시오.
c:\users\yj\desktop\labgenius_2.0\micropcr\magneto.h(194): warning C4005: 'M_FILTER': 매크로 재정의
  c:\users\yj\desktop\labgenius_2.0\micropcr\magneto.h(99): note: 'M_FILTER'의 이전 정의를 참조하십시오.
c:\users\yj\desktop\labgenius_2.0\micropcr\magneto.h(195): warning C4005: 'M_PUMPING': 매크로 재정의
  c:\users\yj\desktop\labgenius_2.0\micropcr\magneto.h(100): note: 'M_PUMPING'의 이전 정의를 참조하십시오.
c:\users\yj\desktop\labgenius_2.0\micropcr\magneto.h(196): warning C4005: 'M_FILTER_SPEED': 매크로 재정의
  c:\users\yj\desktop\labgenius_2.0\micropcr\magneto.h(186): note: 'M_FILTER_SPEED'의 이전 정의를 참조하십시오.
c:\users\yj\desktop\labgenius_2.0\micropcr\magneto.h(198): warning C4005: 'M_PUMPING_SPEED': 매크로 재정의
  c:\users\yj\desktop\labgenius_2.0\micropcr\magneto.h(173): note: 'M_PUMPING_SPEED'의 이전 정의를 참조하십시오.
c:\users\yj\desktop\labgenius_2.0\micropcr\magneto.h(199): warning C4005: 'M_PUMPING_MIXING_SPEED': 매크로 재정의
  c:\users\yj\desktop\labgenius_2.0\micropcr\magneto.h(174): note: 'M_PUMPING_MIXING_SPEED'의 이전 정의를 참조하십시오.
c:\users\yj\desktop\labgenius_2.0\micropcr\magneto.h(200): warning C4005: 'M_PUMPING_READY_SPEED': 매크로 재정의
  c:\users\yj\desktop\labgenius_2.0\micropcr\magneto.h(175): note: 'M_PUMPING_READY_SPEED'의 이전 정의를 참조하십시오.
c:\users\yj\desktop\labgenius_2.0\micropcr\magneto.h(201): warning C4005: 'M_PUMPING_SLOWLY_SPEED': 매크로 재정의
  c:\users\yj\desktop\labgenius_2.0\micropcr\magneto.h(176): note: 'M_PUMPING_SLOWLY_SPEED'의 이전 정의를 참조하십시오.
c:\users\yj\desktop\labgenius_2.0\micropcr\magneto.h(202): warning C4005: 'M_PUMPING_STEP_PER_REV': 매크로 재정의
  c:\users\yj\desktop\labgenius_2.0\micropcr\magneto.h(161): note: 'M_PUMPING_STEP_PER_REV'의 이전 정의를 참조하십시오.
c:\users\yj\desktop\labgenius_2.0\micropcr\cmaindialog.cpp(223): warning C4018: '<': signed 또는 unsigned가 일치하지 않습니다.
c:\users\yj\desktop\labgenius_2.0\micropcr\cmaindialog.cpp(325): warning C4018: '<': signed 또는 unsigned가 일치하지 않습니다.
c:\users\yj\desktop\labgenius_2.0\micropcr\cmaindialog.cpp(332): warning C4018: '<': signed 또는 unsigned가 일치하지 않습니다.
c:\users\yj\desktop\labgenius_2.0\micropcr\cmaindialog.cpp(343): warning C4018: '<': signed 또는 unsigned가 일치하지 않습니다.
c:\users\yj\desktop\labgenius_2.0\micropcr\cmaindialog.cpp(383): warning C4018: '<': signed 또는 unsigned가 일치하지 않습니다.
c:\users\yj\desktop\labgenius_2.0\micropcr\cmaindialog.cpp(810): warning C4018: '>=': signed 또는 unsigned가 일치하지 않습니다.
c:\users\yj\desktop\labgenius_2.0\micropcr\cmaindialog.cpp(947): warning C4018: '<': signed 또는 unsigned가 일치하지 않습니다.
c:\users\yj\desktop\labgenius_2.0\micropcr\cmaindialog.cpp(1094): warning C4018: '<': signed 또는 unsigned가 일치하지 않습니다.
c:\users\yj\desktop\labgenius_2.0\micropcr\cmaindialog.cpp(1098): warning C4838: 'unsigned int'에서 'int'(으)로의 변환에는 축소 변환이 필요합니다.
c:\users\yj\desktop\labgenius_2.0\micropcr\cmaindialog.cpp(1099): warning C4018: '<': signed 또는 unsigned가 일치하지 않습니다.
c:\users\yj\desktop\labgenius_2.0\micropcr\cmaindialog.cpp(1106): warning C4244: '초기화 중': 'double'에서 'int'(으)로 변환하면서 데이터가 손실될 수 있습니다.
c:\users\yj\desktop\labgenius_2.0\micropcr\cmaindialog.cpp(1126): warning C4018: '<': signed 또는 unsigned가 일치하지 않습니다.
c:\users\yj\desktop\labgenius_2.0\micropcr\cmaindialog.cpp(1130): warning C4838: 'unsigned int'에서 'int'(으)로의 변환에는 축소 변환이 필요합니다.
c:\users\yj\desktop\labgenius_2.0\micropcr\cmaindialog.cpp(1131): warning C4018: '<': signed 또는 unsigned가 일치하지 않습니다.
c:\users\yj\desktop\labgenius_2.0\micropcr\cmaindialog.cpp(1138): warning C4244: '초기화 중': 'double'에서 'int'(으)로 변환하면서 데이터가 손실될 수 있습니다.
c:\users\yj\desktop\labgenius_2.0\micropcr\cmaindialog.cpp(1158): warning C4018: '<': signed 또는 unsigned가 일치하지 않습니다.
c:\users\yj\desktop\labgenius_2.0\micropcr\cmaindialog.cpp(1162): warning C4838: 'unsigned int'에서 'int'(으)로의 변환에는 축소 변환이 필요합니다.
c:\users\yj\desktop\labgenius_2.0\micropcr\cmaindialog.cpp(1163): warning C4018: '<': signed 또는 unsigned가 일치하지 않습니다.
c:\users\yj\desktop\labgenius_2.0\micropcr\cmaindialog.cpp(1170): warning C4244: '초기화 중': 'double'에서 'int'(으)로 변환하면서 데이터가 손실될 수 있습니다.
c:\users\yj\desktop\labgenius_2.0\micropcr\cmaindialog.cpp(1190): warning C4018: '<': signed 또는 unsigned가 일치하지 않습니다.
c:\users\yj\desktop\labgenius_2.0\micropcr\cmaindialog.cpp(1194): warning C4838: 'unsigned int'에서 'int'(으)로의 변환에는 축소 변환이 필요합니다.
c:\users\yj\desktop\labgenius_2.0\micropcr\cmaindialog.cpp(1195): warning C4018: '<': signed 또는 unsigned가 일치하지 않습니다.
c:\users\yj\desktop\labgenius_2.0\micropcr\cmaindialog.cpp(1202): warning C4244: '초기화 중': 'double'에서 'int'(으)로 변환하면서 데이터가 손실될 수 있습니다.
c:\users\yj\desktop\labgenius_2.0\micropcr\cmaindialog.cpp(1209): warning C4244: '+=': 'float'에서 'int'(으)로 변환하면서 데이터가 손실될 수 있습니다.
c:\users\yj\desktop\labgenius_2.0\micropcr\cmaindialog.cpp(1234): warning C4244: '초기화 중': 'double'에서 'float'(으)로 변환하면서 데이터가 손실될 수 있습니다.
c:\users\yj\desktop\labgenius_2.0\micropcr\cmaindialog.cpp(1240): warning C4018: '<': signed 또는 unsigned가 일치하지 않습니다.
c:\users\yj\desktop\labgenius_2.0\micropcr\cmaindialog.cpp(1247): warning C4018: '>=': signed 또는 unsigned가 일치하지 않습니다.
c:\users\yj\desktop\labgenius_2.0\micropcr\cmaindialog.cpp(1251): warning C4244: '초기화 중': 'int'에서 'float'(으)로 변환하면서 데이터가 손실될 수 있습니다.
c:\users\yj\desktop\labgenius_2.0\micropcr\cmaindialog.cpp(1252): warning C4244: '초기화 중': 'double'에서 'float'(으)로 변환하면서 데이터가 손실될 수 있습니다.
c:\users\yj\desktop\labgenius_2.0\micropcr\cmaindialog.cpp(1253): warning C4244: '초기화 중': 'double'에서 'float'(으)로 변환하면서 데이터가 손실될 수 있습니다.
  FileManager.cpp
c:\users\yj\desktop\labgenius_2.0\micropcr\filemanager.cpp(109): warning C4101: 'e1' :참조되지 않은 지역 변수입니다.
c:\users\yj\desktop\labgenius_2.0\micropcr\filemanager.cpp(113): warning C4101: 'e2' :참조되지 않은 지역 변수입니다.
c:\users\yj\desktop\labgenius_2.0\micropcr\filemanager.cpp(144): warning C4101: 'e1' :참조되지 않은 지역 변수입니다.
c:\users\yj\desktop\labgenius_2.0\micropcr\filemanager.cpp(147): warning C4101: 'e2' :참조되지 않은 지역 변수입니다.
c:\users\yj\desktop\labgenius_2.0\micropcr\filemanager.cpp(195): warning C4101: 'e1' :참조되지 않은 지역 변수입니다.
c:\users\yj\desktop\labgenius_2.0\micropcr\filemanager.cpp(199): warning C4101: 'e2' :참조되지 않은 지역 변수입니다.
c:\users\yj\desktop\labgenius_2.0\micropcr\filemanager.cpp(232): warning C4101: 'e1' :참조되지 않은 지역 변수입니다.
c:\users\yj\desktop\labgenius_2.0\micropcr\filemanager.cpp(236): warning C4101: 'e2' :참조되지 않은 지역 변수입니다.
c:\users\yj\desktop\labgenius_2.0\micropcr\filemanager.cpp(256): warning C4101: 'useRox' :참조되지 않은 지역 변수입니다.
c:\users\yj\desktop\labgenius_2.0\micropcr\filemanager.cpp(256): warning C4101: 'useFam' :참조되지 않은 지역 변수입니다.
c:\users\yj\desktop\labgenius_2.0\micropcr\filemanager.cpp(256): warning C4101: 'useHex' :참조되지 않은 지역 변수입니다.
c:\users\yj\desktop\labgenius_2.0\micropcr\filemanager.cpp(256): warning C4101: 'useCY5' :참조되지 않은 지역 변수입니다.
c:\users\yj\desktop\labgenius_2.0\micropcr\filemanager.cpp(288): warning C4101: 'e1' :참조되지 않은 지역 변수입니다.
c:\users\yj\desktop\labgenius_2.0\micropcr\filemanager.cpp(293): warning C4101: 'e2' :참조되지 않은 지역 변수입니다.
c:\users\yj\desktop\labgenius_2.0\micropcr\filemanager.cpp(327): warning C4018: '<': signed 또는 unsigned가 일치하지 않습니다.
c:\users\yj\desktop\labgenius_2.0\micropcr\filemanager.cpp(334): warning C4101: 'e1' :참조되지 않은 지역 변수입니다.
c:\users\yj\desktop\labgenius_2.0\micropcr\filemanager.cpp(338): warning C4101: 'e2' :참조되지 않은 지역 변수입니다.
  Form_Main.cpp
c:\users\yj\desktop\labgenius_2.0\micropcr\magneto.h(101): warning C4005: 'MAX_DRIVER_NUM': 매크로 재정의
  c:\users\yj\desktop\labgenius_2.0\micropcr\magneto.h(6): note: 'MAX_DRIVER_NUM'의 이전 정의를 참조하십시오.
c:\users\yj\desktop\labgenius_2.0\micropcr\magneto.h(192): warning C4005: 'MAX_DRIVER_NUM': 매크로 재정의
  c:\users\yj\desktop\labgenius_2.0\micropcr\magneto.h(101): note: 'MAX_DRIVER_NUM'의 이전 정의를 참조하십시오.
c:\users\yj\desktop\labgenius_2.0\micropcr\magneto.h(194): warning C4005: 'M_FILTER': 매크로 재정의
  c:\users\yj\desktop\labgenius_2.0\micropcr\magneto.h(99): note: 'M_FILTER'의 이전 정의를 참조하십시오.
c:\users\yj\desktop\labgenius_2.0\micropcr\magneto.h(195): warning C4005: 'M_PUMPING': 매크로 재정의
  c:\users\yj\desktop\labgenius_2.0\micropcr\magneto.h(100): note: 'M_PUMPING'의 이전 정의를 참조하십시오.
c:\users\yj\desktop\labgenius_2.0\micropcr\magneto.h(196): warning C4005: 'M_FILTER_SPEED': 매크로 재정의
  c:\users\yj\desktop\labgenius_2.0\micropcr\magneto.h(186): note: 'M_FILTER_SPEED'의 이전 정의를 참조하십시오.
c:\users\yj\desktop\labgenius_2.0\micropcr\magneto.h(198): warning C4005: 'M_PUMPING_SPEED': 매크로 재정의
  c:\users\yj\desktop\labgenius_2.0\micropcr\magneto.h(173): note: 'M_PUMPING_SPEED'의 이전 정의를 참조하십시오.
c:\users\yj\desktop\labgenius_2.0\micropcr\magneto.h(199): warning C4005: 'M_PUMPING_MIXING_SPEED': 매크로 재정의
  c:\users\yj\desktop\labgenius_2.0\micropcr\magneto.h(174): note: 'M_PUMPING_MIXING_SPEED'의 이전 정의를 참조하십시오.
c:\users\yj\desktop\labgenius_2.0\micropcr\magneto.h(200): warning C4005: 'M_PUMPING_READY_SPEED': 매크로 재정의
  c:\users\yj\desktop\labgenius_2.0\micropcr\magneto.h(175): note: 'M_PUMPING_READY_SPEED'의 이전 정의를 참조하십시오.
c:\users\yj\desktop\labgenius_2.0\micropcr\magneto.h(201): warning C4005: 'M_PUMPING_SLOWLY_SPEED': 매크로 재정의
  c:\users\yj\desktop\labgenius_2.0\micropcr\magneto.h(176): note: 'M_PUMPING_SLOWLY_SPEED'의 이전 정의를 참조하십시오.
c:\users\yj\desktop\labgenius_2.0\micropcr\magneto.h(202): warning C4005: 'M_PUMPING_STEP_PER_REV': 매크로 재정의
  c:\users\yj\desktop\labgenius_2.0\micropcr\magneto.h(161): note: 'M_PUMPING_STEP_PER_REV'의 이전 정의를 참조하십시오.
  Form_Result.cpp
  Magneto.cpp
c:\users\yj\desktop\labgenius_2.0\micropcr\magneto.h(101): warning C4005: 'MAX_DRIVER_NUM': 매크로 재정의
  c:\users\yj\desktop\labgenius_2.0\micropcr\magneto.h(6): note: 'MAX_DRIVER_NUM'의 이전 정의를 참조하십시오.
c:\users\yj\desktop\labgenius_2.0\micropcr\magneto.h(192): warning C4005: 'MAX_DRIVER_NUM': 매크로 재정의
  c:\users\yj\desktop\labgenius_2.0\micropcr\magneto.h(101): note: 'MAX_DRIVER_NUM'의 이전 정의를 참조하십시오.
c:\users\yj\desktop\labgenius_2.0\micropcr\magneto.h(194): warning C4005: 'M_FILTER': 매크로 재정의
  c:\users\yj\desktop\labgenius_2.0\micropcr\magneto.h(99): note: 'M_FILTER'의 이전 정의를 참조하십시오.
c:\users\yj\desktop\labgenius_2.0\micropcr\magneto.h(195): warning C4005: 'M_PUMPING': 매크로 재정의
  c:\users\yj\desktop\labgenius_2.0\micropcr\magneto.h(100): note: 'M_PUMPING'의 이전 정의를 참조하십시오.
c:\users\yj\desktop\labgenius_2.0\micropcr\magneto.h(196): warning C4005: 'M_FILTER_SPEED': 매크로 재정의
  c:\users\yj\desktop\labgenius_2.0\micropcr\magneto.h(186): note: 'M_FILTER_SPEED'의 이전 정의를 참조하십시오.
c:\users\yj\desktop\labgenius_2.0\micropcr\magneto.h(198): warning C4005: 'M_PUMPING_SPEED': 매크로 재정의
  c:\users\yj\desktop\labgenius_2.0\micropcr\magneto.h(173): note: 'M_PUMPING_SPEED'의 이전 정의를 참조하십시오.
c:\users\yj\desktop\labgenius_2.0\micropcr\magneto.h(199): warning C4005: 'M_PUMPING_MIXING_SPEED': 매크로 재정의
  c:\users\yj\desktop\labgenius_2.0\micropcr\magneto.h(174): note: 'M_PUMPING_MIXING_SPEED'의 이전 정의를 참조하십시오.
c:\users\yj\desktop\labgenius_2.0\micropcr\magneto.h(200): warning C4005: 'M_PUMPING_READY_SPEED': 매크로 재정의
  c:\users\yj\desktop\labgenius_2.0\micropcr\magneto.h(175): note: 'M_PUMPING_READY_SPEED'의 이전 정의를 참조하십시오.
c:\users\yj\desktop\labgenius_2.0\micropcr\magneto.h(201): warning C4005: 'M_PUMPING_SLOWLY_SPEED': 매크로 재정의
  c:\users\yj\desktop\labgenius_2.0\micropcr\magneto.h(176): note: 'M_PUMPING_SLOWLY_SPEED'의 이전 정의를 참조하십시오.
c:\users\yj\desktop\labgenius_2.0\micropcr\magneto.h(202): warning C4005: 'M_PUMPING_STEP_PER_REV': 매크로 재정의
  c:\users\yj\desktop\labgenius_2.0\micropcr\magneto.h(161): note: 'M_PUMPING_STEP_PER_REV'의 이전 정의를 참조하십시오.
c:\users\yj\desktop\labgenius_2.0\micropcr\magneto.cpp(134): warning C4101: 'e' :참조되지 않은 지역 변수입니다.
c:\users\yj\desktop\labgenius_2.0\micropcr\magneto.cpp(172): warning C4018: '<': signed 또는 unsigned가 일치하지 않습니다.
c:\users\yj\desktop\labgenius_2.0\micropcr\magneto.cpp(409): warning C4018: '<': signed 또는 unsigned가 일치하지 않습니다.
c:\users\yj\desktop\labgenius_2.0\micropcr\magneto.cpp(428): warning C4018: '<': signed 또는 unsigned가 일치하지 않습니다.
c:\users\yj\desktop\labgenius_2.0\micropcr\magneto.cpp(467): warning C4244: '=': 'double'에서 'int'(으)로 변환하면서 데이터가 손실될 수 있습니다.
c:\users\yj\desktop\labgenius_2.0\micropcr\magneto.cpp(481): warning C4018: '<': signed 또는 unsigned가 일치하지 않습니다.
c:\users\yj\desktop\labgenius_2.0\micropcr\magneto.cpp(487): warning C4244: '=': 'float'에서 '_Ty'(으)로 변환하면서 데이터가 손실될 수 있습니다.
          with
          [
              _Ty=int
          ]
c:\users\yj\desktop\labgenius_2.0\micropcr\magneto.cpp(499): warning C4244: '=': 'float'에서 '_Ty'(으)로 변환하면서 데이터가 손실될 수 있습니다.
          with
          [
              _Ty=int
          ]
c:\users\yj\desktop\labgenius_2.0\micropcr\magneto.cpp(634): warning C4244: '인수': 'double'에서 'LPARAM'(으)로 변환하면서 데이터가 손실될 수 있습니다.
c:\users\yj\desktop\labgenius_2.0\micropcr\magneto.cpp(659): warning C4244: '인수': 'double'에서 'LPARAM'(으)로 변환하면서 데이터가 손실될 수 있습니다.
c:\users\yj\desktop\labgenius_2.0\micropcr\magneto.cpp(908): warning C4552: '!=': 식의 결과가 사용되지 않습니다.
c:\users\yj\desktop\labgenius_2.0\micropcr\magneto.cpp(910): warning C4552: '!=': 식의 결과가 사용되지 않습니다.
c:\users\yj\desktop\labgenius_2.0\micropcr\magneto.cpp(912): warning C4552: '!=': 식의 결과가 사용되지 않습니다.
c:\users\yj\desktop\labgenius_2.0\micropcr\magneto.cpp(933): warning C4244: '=': 'double'에서 'int'(으)로 변환하면서 데이터가 손실될 수 있습니다.
  MicroPCR.cpp
c:\users\yj\desktop\labgenius_2.0\micropcr\magneto.h(101): warning C4005: 'MAX_DRIVER_NUM': 매크로 재정의
  c:\users\yj\desktop\labgenius_2.0\micropcr\magneto.h(6): note: 'MAX_DRIVER_NUM'의 이전 정의를 참조하십시오.
c:\users\yj\desktop\labgenius_2.0\micropcr\magneto.h(192): warning C4005: 'MAX_DRIVER_NUM': 매크로 재정의
  c:\users\yj\desktop\labgenius_2.0\micropcr\magneto.h(101): note: 'MAX_DRIVER_NUM'의 이전 정의를 참조하십시오.
c:\users\yj\desktop\labgenius_2.0\micropcr\magneto.h(194): warning C4005: 'M_FILTER': 매크로 재정의
  c:\users\yj\desktop\labgenius_2.0\micropcr\magneto.h(99): note: 'M_FILTER'의 이전 정의를 참조하십시오.
c:\users\yj\desktop\labgenius_2.0\micropcr\magneto.h(195): warning C4005: 'M_PUMPING': 매크로 재정의
  c:\users\yj\desktop\labgenius_2.0\micropcr\magneto.h(100): note: 'M_PUMPING'의 이전 정의를 참조하십시오.
c:\users\yj\desktop\labgenius_2.0\micropcr\magneto.h(196): warning C4005: 'M_FILTER_SPEED': 매크로 재정의
  c:\users\yj\desktop\labgenius_2.0\micropcr\magneto.h(186): note: 'M_FILTER_SPEED'의 이전 정의를 참조하십시오.
c:\users\yj\desktop\labgenius_2.0\micropcr\magneto.h(198): warning C4005: 'M_PUMPING_SPEED': 매크로 재정의
  c:\users\yj\desktop\labgenius_2.0\micropcr\magneto.h(173): note: 'M_PUMPING_SPEED'의 이전 정의를 참조하십시오.
c:\users\yj\desktop\labgenius_2.0\micropcr\magneto.h(199): warning C4005: 'M_PUMPING_MIXING_SPEED': 매크로 재정의
  c:\users\yj\desktop\labgenius_2.0\micropcr\magneto.h(174): note: 'M_PUMPING_MIXING_SPEED'의 이전 정의를 참조하십시오.
c:\users\yj\desktop\labgenius_2.0\micropcr\magneto.h(200): warning C4005: 'M_PUMPING_READY_SPEED': 매크로 재정의
  c:\users\yj\desktop\labgenius_2.0\micropcr\magneto.h(175): note: 'M_PUMPING_READY_SPEED'의 이전 정의를 참조하십시오.
c:\users\yj\desktop\labgenius_2.0\micropcr\magneto.h(201): warning C4005: 'M_PUMPING_SLOWLY_SPEED': 매크로 재정의
  c:\users\yj\desktop\labgenius_2.0\micropcr\magneto.h(176): note: 'M_PUMPING_SLOWLY_SPEED'의 이전 정의를 참조하십시오.
c:\users\yj\desktop\labgenius_2.0\micropcr\magneto.h(202): warning C4005: 'M_PUMPING_STEP_PER_REV': 매크로 재정의
  c:\users\yj\desktop\labgenius_2.0\micropcr\magneto.h(161): note: 'M_PUMPING_STEP_PER_REV'의 이전 정의를 참조하십시오.
  MicroPCRDlg.cpp
c:\users\yj\desktop\labgenius_2.0\micropcr\magneto.h(101): warning C4005: 'MAX_DRIVER_NUM': 매크로 재정의
  c:\users\yj\desktop\labgenius_2.0\micropcr\magneto.h(6): note: 'MAX_DRIVER_NUM'의 이전 정의를 참조하십시오.
c:\users\yj\desktop\labgenius_2.0\micropcr\magneto.h(192): warning C4005: 'MAX_DRIVER_NUM': 매크로 재정의
  c:\users\yj\desktop\labgenius_2.0\micropcr\magneto.h(101): note: 'MAX_DRIVER_NUM'의 이전 정의를 참조하십시오.
c:\users\yj\desktop\labgenius_2.0\micropcr\magneto.h(194): warning C4005: 'M_FILTER': 매크로 재정의
  c:\users\yj\desktop\labgenius_2.0\micropcr\magneto.h(99): note: 'M_FILTER'의 이전 정의를 참조하십시오.
c:\users\yj\desktop\labgenius_2.0\micropcr\magneto.h(195): warning C4005: 'M_PUMPING': 매크로 재정의
  c:\users\yj\desktop\labgenius_2.0\micropcr\magneto.h(100): note: 'M_PUMPING'의 이전 정의를 참조하십시오.
c:\users\yj\desktop\labgenius_2.0\micropcr\magneto.h(196): warning C4005: 'M_FILTER_SPEED': 매크로 재정의
  c:\users\yj\desktop\labgenius_2.0\micropcr\magneto.h(186): note: 'M_FILTER_SPEED'의 이전 정의를 참조하십시오.
c:\users\yj\desktop\labgenius_2.0\micropcr\magneto.h(198): warning C4005: 'M_PUMPING_SPEED': 매크로 재정의
  c:\users\yj\desktop\labgenius_2.0\micropcr\magneto.h(173): note: 'M_PUMPING_SPEED'의 이전 정의를 참조하십시오.
c:\users\yj\desktop\labgenius_2.0\micropcr\magneto.h(199): warning C4005: 'M_PUMPING_MIXING_SPEED': 매크로 재정의
  c:\users\yj\desktop\labgenius_2.0\micropcr\magneto.h(174): note: 'M_PUMPING_MIXING_SPEED'의 이전 정의를 참조하십시오.
c:\users\yj\desktop\labgenius_2.0\micropcr\magneto.h(200): warning C4005: 'M_PUMPING_READY_SPEED': 매크로 재정의
  c:\users\yj\desktop\labgenius_2.0\micropcr\magneto.h(175): note: 'M_PUMPING_READY_SPEED'의 이전 정의를 참조하십시오.
c:\users\yj\desktop\labgenius_2.0\micropcr\magneto.h(201): warning C4005: 'M_PUMPING_SLOWLY_SPEED': 매크로 재정의
  c:\users\yj\desktop\labgenius_2.0\micropcr\magneto.h(176): note: 'M_PUMPING_SLOWLY_SPEED'의 이전 정의를 참조하십시오.
c:\users\yj\desktop\labgenius_2.0\micropcr\magneto.h(202): warning C4005: 'M_PUMPING_STEP_PER_REV': 매크로 재정의
  c:\users\yj\desktop\labgenius_2.0\micropcr\magneto.h(161): note: 'M_PUMPING_STEP_PER_REV'의 이전 정의를 참조하십시오.
c:\users\yj\desktop\labgenius_2.0\micropcr\micropcrdlg.cpp(519): warning C4244: '인수': 'double'에서 'float'(으)로 변환하면서 데이터가 손실될 수 있습니다.
c:\users\yj\desktop\labgenius_2.0\micropcr\micropcrdlg.cpp(1471): warning C4101: 'e' :참조되지 않은 지역 변수입니다.
  PIDCreateDlg.cpp
c:\users\yj\desktop\labgenius_2.0\micropcr\pidcreatedlg.cpp(173): warning C4018: '<': signed 또는 unsigned가 일치하지 않습니다.
c:\users\yj\desktop\labgenius_2.0\micropcr\pidcreatedlg.cpp(223): warning C4018: '<': signed 또는 unsigned가 일치하지 않습니다.
c:\users\yj\desktop\labgenius_2.0\micropcr\pidcreatedlg.cpp(255): warning C4244: '인수': 'double'에서 'float'(으)로 변환하면서 데이터가 손실될 수 있습니다.
  PIDManagerDlg.cpp
c:\users\yj\desktop\labgenius_2.0\micropcr\pidmanagerdlg.cpp(152): warning C4018: '<': signed 또는 unsigned가 일치하지 않습니다.
c:\users\yj\desktop\labgenius_2.0\micropcr\pidmanagerdlg.cpp(201): warning C4018: '<': signed 또는 unsigned가 일치하지 않습니다.
c:\users\yj\desktop\labgenius_2.0\micropcr\pidmanagerdlg.cpp(254): warning C4244: '인수': 'double'에서 'float'(으)로 변환하면서 데이터가 손실될 수 있습니다.
  PasswordDialog.cpp
  ProtocolEditorDialog.cpp
c:\users\yj\desktop\labgenius_2.0\micropcr\protocoleditordialog.cpp(201): warning C4018: '<': signed 또는 unsigned가 일치하지 않습니다.
c:\users\yj\desktop\labgenius_2.0\micropcr\protocoleditordialog.cpp(291): warning C4018: '<': signed 또는 unsigned가 일치하지 않습니다.
c:\users\yj\desktop\labgenius_2.0\micropcr\protocoleditordialog.cpp(372): warning C4018: '<': signed 또는 unsigned가 일치하지 않습니다.
c:\users\yj\desktop\labgenius_2.0\micropcr\protocoleditordialog.cpp(460): warning C4018: '<': signed 또는 unsigned가 일치하지 않습니다.
  SaveDlg.cpp
  SetupDialog.cpp
c:\users\yj\desktop\labgenius_2.0\micropcr\setupdialog.cpp(125): warning C4018: '<': signed 또는 unsigned가 일치하지 않습니다.
c:\users\yj\desktop\labgenius_2.0\micropcr\setupdialog.cpp(152): warning C4018: '<': signed 또는 unsigned가 일치하지 않습니다.
c:\users\yj\desktop\labgenius_2.0\micropcr\setupdialog.cpp(176): warning C4244: '=': 'double'에서 'float'(으)로 변환하면서 데이터가 손실될 수 있습니다.
c:\users\yj\desktop\labgenius_2.0\micropcr\setupdialog.cpp(177): warning C4244: '=': 'double'에서 'float'(으)로 변환하면서 데이터가 손실될 수 있습니다.
c:\users\yj\desktop\labgenius_2.0\micropcr\setupdialog.cpp(178): warning C4244: '=': 'double'에서 'float'(으)로 변환하면서 데이터가 손실될 수 있습니다.
c:\users\yj\desktop\labgenius_2.0\micropcr\setupdialog.cpp(179): warning C4244: '=': 'double'에서 'float'(으)로 변환하면서 데이터가 손실될 수 있습니다.
c:\users\yj\desktop\labgenius_2.0\micropcr\setupdialog.cpp(180): warning C4244: '=': 'double'에서 'float'(으)로 변환하면서 데이터가 손실될 수 있습니다.
  TempGraphDlg.cpp
  코드를 생성하고 있습니다.
  8 of 2696 functions ( 0.3%) were compiled, the rest were copied from previous compilation.
    0 functions were new in current compilation
    3 functions had inline decision re-evaluated but remain unchanged
  코드를 생성했습니다.
  MicroPCR.vcxproj -> C:\Users\YJ\Desktop\LabGenius_2.0\Release\LabGenius.exe
